# SQL Performance Tuning Scenario #1: Understanding Execution Plans

## Introduction
Understanding execution plans is a crucial skill in SQL performance tuning. This guide explains how to generate and interpret execution plans across major databases, helping you diagnose bottlenecks and optimize queries.

## What Is an Execution Plan?
An execution plan shows how a database engine executes a SQL query, detailing steps like index usage, table joins, and sorting. Each RDBMS displays execution plans differently:

- **SQL Server**: Graphical plans in SQL Server Management Studio (SSMS) or text-based via `SET SHOWPLAN_TEXT` or `SET STATISTICS PROFILE`.
- **MySQL**: `EXPLAIN` statement reveals access types, indexes used, and table joins.
- **PostgreSQL**: `EXPLAIN` or `EXPLAIN ANALYZE` provides query execution insights.
- **Oracle**: `EXPLAIN PLAN` and `DBMS_XPLAN.DISPLAY` help analyze query operations.

## Why Execution Plans Matter
### Identify Bottlenecks
- Detects full table scans on large datasets where index seeks would be faster.

### Spot Missing or Ineffective Indexes
- Shows if indexes exist but aren’t being used optimally.

### Estimated vs. Actual Rows
- Helps diagnose inaccurate statistics and skewed data distributions.

### Join Methods
- Determines whether nested loops, hash joins, or merge joins are used, optimizing complex queries.

## Generating and Interpreting Execution Plans
### SQL Server
```sql
-- Include execution plan
SET SHOWPLAN_TEXT ON;
SELECT * FROM customers WHERE segment = 'Consumer';
```

### MySQL
```sql
EXPLAIN SELECT * FROM customers WHERE segment = 'Consumer';
```

### PostgreSQL
```sql
EXPLAIN SELECT * FROM customers WHERE segment = 'Consumer';
EXPLAIN ANALYZE SELECT * FROM customers WHERE segment = 'Consumer';
```

### Oracle
```sql
EXPLAIN PLAN FOR SELECT * FROM customers WHERE segment = 'Consumer';
SELECT * FROM TABLE(DBMS_XPLAN.DISPLAY);
```

## Common Red Flags & Optimization Strategies
### Full Table Scans on Large Tables
- Indicates missing indexes or inefficient filters.

### High Estimated vs. Actual Rows
- May indicate outdated statistics leading to poor execution plans.

### Nested Loops on Large Joins
- Consider hash joins or merge joins for better performance on large datasets.

### No Index Usage
- Ensure indexes exist on WHERE/JOIN columns.
- Avoid wrapping indexed columns in functions (`LOWER(column_name)` prevents index usage).

## Practical Examples
### Scenario 1: No Index Usage
```sql
EXPLAIN ANALYZE
SELECT customer_id, first_name, last_name, segment
FROM customers
WHERE segment = 'Consumer';
```
#### Output:
```
Seq Scan on customers  (cost=0.00..27.50 rows=250 width=33) 
(actual time=0.012..0.196 rows=250 loops=1)
Filter: ((segment)::text = 'Consumer'::text)
Rows Removed by Filter: 750
Planning Time: 0.283 ms
```
- Full table scan due to lack of index.

### Scenario 2: Index Usage
```sql
EXPLAIN ANALYZE
SELECT c.customer_id, c.first_name, c.last_name, o.order_date, o.total_amount
FROM customers c
JOIN orders o ON c.customer_id = o.customer_id
WHERE c.segment = 'Consumer'
AND o.order_date > '2025-01-01';
```
#### Output:
```
Nested Loop  (cost=0.56..16.66 rows=1 width=36) 
(actual time=0.005..0.006 rows=0 loops=1)
Index Scan using idx_orders_date on orders o  (cost=0.29..8.30 rows=1 width=18)
Index Cond: (order_date > '2025-01-01')
```
- Uses index on `order_date`, improving efficiency.
- Consider adding an index on `segment` if highly selective.

## Tips for Effective Execution Plan Analysis
### Keep Statistics Updated
- PostgreSQL/MySQL: `ANALYZE`
- SQL Server: `UPDATE STATISTICS`
- Oracle: `DBMS_STATS.GATHER_TABLE_STATS`

### Test Queries on Realistic Data
- Execution plans can differ between development and production environments.

### Compare Query Variations
- Test different query structures (subqueries vs. joins).
- Reorder predicates for optimization.

### Monitor Execution Plans Over Time
- Track plan changes as data grows.
- Use tools like SQL Server’s Query Store or PostgreSQL’s `pg_stat_statements`.

## Summary
Execution plans are essential for diagnosing SQL performance issues. By analyzing them, you can:
- Identify missing indexes.
- Optimize join methods.
- Detect inefficient query plans.

## Next Steps
In **Scenario #2**, we will explore **Indexing Foreign Key Fields**, optimizing joins for better concurrency and performance.

Stay tuned for more SQL performance tuning insights!
